<?xml version="1.0" encoding="utf-8"?>
<testsuites>
	<testsuite errors="1" failures="2" hostname="WTFRLVSE120681L" name="pytest" skipped="1" tests="5" time="0.395" timestamp="2021-04-13T15:31:23.099360">
		<testcase classname="genbadge.tests.test_readme" name="test_help" time="0.003" />
		<testcase classname="genbadge.tests.test_readme" name="test_junit" time="0.221">
			<failure message="assert 1 == 0&#10;  +1&#10;  -0">dummy
FAILURE</failure>
		</testcase>
		<testcase classname="genbadge.tests.test_readme" name="test_error" time="0.001">
			<error message="failed on setup with &quot;Exception&quot;">dummy
ERROR</error>
		</testcase>
		<testcase classname="genbadge.tests.test_readme" name="test_skipped" time="0.001">
			<skipped message="Skipped" type="pytest.skip">dummy
SKIPPED</skipped>
		</testcase>
		<testcase classname="genbadge.tests.test_readme" name="test_fail" time="0.001">
			<failure message="Exception">dummy
FAILURE</failure>
		</testcase>
	</testsuite>
</testsuites>